#
# There is insufficient memory for the Java Runtime Environment to continue.
# Native memory allocation (malloc) failed to allocate 2246896 bytes for Chunk::new
# Possible reasons:
#   The system is out of physical RAM or swap space
#   The process is running with CompressedOops enabled, and the Java Heap may be blocking the growth of the native heap
# Possible solutions:
#   Reduce memory load on the system
#   Increase physical memory or swap space
#   Check if swap backing store is full
#   Decrease Java heap size (-Xmx/-Xms)
#   Decrease number of Java threads
#   Decrease Java thread stack sizes (-Xss)
#   Set larger code cache with -XX:ReservedCodeCacheSize=
#   JVM is running with Unscaled Compressed Oops mode in which the Java heap is
#     placed in the first 4GB address space. The Java Heap base address is the
#     maximum limit for the native heap growth. Please use -XX:HeapBaseMinAddress
#     to set the Java Heap base and to place the Java Heap above 4GB virtual address.
# This output file may be truncated or incomplete.
#
#  Out of Memory Error (t:/workspace/open/src/hotspot/share/memory/arena.cpp:197), pid=9564, tid=22136
#
# JRE version: Java(TM) SE Runtime Environment (11.0.2+9) (build 11.0.2+9-LTS)
# Java VM: Java HotSpot(TM) 64-Bit Server VM (11.0.2+9-LTS, mixed mode, tiered, compressed oops, g1 gc, windows-amd64)
# No core dump will be written. Minidumps are not enabled by default on client versions of Windows
#

---------------  S U M M A R Y ------------

Command Line: --add-opens=java.base/java.util=ALL-UNNAMED --add-opens=java.base/java.lang=ALL-UNNAMED --add-opens=java.base/java.lang.invoke=ALL-UNNAMED --add-opens=java.prefs/java.util.prefs=ALL-UNNAMED --add-opens=java.base/java.nio.charset=ALL-UNNAMED --add-opens=java.base/java.net=ALL-UNNAMED --add-opens=java.base/java.util.concurrent.atomic=ALL-UNNAMED -XX:MaxMetaspaceSize=384m -XX:+HeapDumpOnOutOfMemoryError -Xms256m -Xmx512m -Dfile.encoding=UTF-8 -Duser.country=KR -Duser.language=ko -Duser.variant -javaagent:C:\Users\zxasq\.gradle\wrapper\dists\gradle-8.2.1-bin\5hap6b9n41hkg4jeh2au2pllh\gradle-8.2.1\lib\agents\gradle-instrumentation-agent-8.2.1.jar org.gradle.launcher.daemon.bootstrap.GradleDaemon 8.2.1

Host: Intel(R) Core(TM) i5-8265U CPU @ 1.60GHz, 8 cores, 7G,  Windows 10 , 64 bit Build 22621 (10.0.22621.2506)
Time: Fri Dec  8 18:35:41 2023 대한민국 표준시 elapsed time: 19 seconds (0d 0h 0m 19s)

---------------  T H R E A D  ---------------

Current thread (0x000001ddb0caf800):  JavaThread "C2 CompilerThread1" daemon [_thread_in_native, id=22136, stack(0x0000005fc3b00000,0x0000005fc3c00000)]


Current CompileTask:
C2:  19224 5190       4       java.beans.Introspector::addMethod (196 bytes)

Stack: [0x0000005fc3b00000,0x0000005fc3c00000]
Native frames: (J=compiled Java code, j=interpreted, Vv=VM code, C=native code)
V  [jvm.dll+0x63574a]
V  [jvm.dll+0x77326f]
V  [jvm.dll+0x77491a]
V  [jvm.dll+0x774fd3]
V  [jvm.dll+0x25e418]
V  [jvm.dll+0xc2141]
V  [jvm.dll+0xc26dc]
V  [jvm.dll+0x36d7b7]
V  [jvm.dll+0x33a8b3]
V  [jvm.dll+0x339c8a]
V  [jvm.dll+0x218245]
V  [jvm.dll+0x2173ea]
V  [jvm.dll+0x194200]
V  [jvm.dll+0x2263af]
V  [jvm.dll+0x2249b8]
V  [jvm.dll+0x738a9d]
V  [jvm.dll+0x6347f2]
C  [ucrtbase.dll+0x29363]
C  [KERNEL32.DLL+0x1257d]
C  [ntdll.dll+0x5aa58]


---------------  P R O C E S S  ---------------

Threads class SMR info:
_java_thread_list=0x000001ddb4fc71c0, length=50, elements={
0x000001dd92963000, 0x000001ddadd4d000, 0x000001ddadd4e000, 0x000001ddae64c000,
0x000001ddae64d000, 0x000001ddae652000, 0x000001ddae66d800, 0x000001ddae663000,
0x000001ddae7fc800, 0x000001ddae81d800, 0x000001ddb0d42000, 0x000001ddb0f22000,
0x000001ddaf9dc000, 0x000001ddafe4d800, 0x000001ddb0942800, 0x000001ddaf9a6000,
0x000001ddb0c51000, 0x000001ddaff49800, 0x000001ddb0667800, 0x000001ddaff88000,
0x000001ddae92d000, 0x000001ddae92e000, 0x000001ddae92f800, 0x000001ddae931800,
0x000001ddae92f000, 0x000001ddae930800, 0x000001ddae932000, 0x000001ddae92c800,
0x000001ddae933000, 0x000001ddaf75a800, 0x000001ddaf75c800, 0x000001ddaf759000,
0x000001ddaf75e000, 0x000001ddaf762000, 0x000001ddaf763800, 0x000001ddaf764800,
0x000001ddaf760800, 0x000001ddaf75f000, 0x000001ddaf765800, 0x000001ddb0caf800,
0x000001ddaf766000, 0x000001ddaf767000, 0x000001ddb251c000, 0x000001ddb251c800,
0x000001ddb251f000, 0x000001ddb2519800, 0x000001ddb251a000, 0x000001ddb251d800,
0x000001ddb251e800, 0x000001ddb2520000
}

Java Threads: ( => current thread )
  0x000001dd92963000 JavaThread "main" [_thread_blocked, id=18772, stack(0x0000005fc0d00000,0x0000005fc0e00000)]
  0x000001ddadd4d000 JavaThread "Reference Handler" daemon [_thread_blocked, id=34620, stack(0x0000005fc1400000,0x0000005fc1500000)]
  0x000001ddadd4e000 JavaThread "Finalizer" daemon [_thread_blocked, id=39632, stack(0x0000005fc1500000,0x0000005fc1600000)]
  0x000001ddae64c000 JavaThread "Signal Dispatcher" daemon [_thread_blocked, id=35768, stack(0x0000005fc1600000,0x0000005fc1700000)]
  0x000001ddae64d000 JavaThread "Attach Listener" daemon [_thread_blocked, id=36600, stack(0x0000005fc1700000,0x0000005fc1800000)]
  0x000001ddae652000 JavaThread "C2 CompilerThread0" daemon [_thread_in_native, id=39540, stack(0x0000005fc1800000,0x0000005fc1900000)]
  0x000001ddae66d800 JavaThread "C1 CompilerThread0" daemon [_thread_blocked, id=27392, stack(0x0000005fc1900000,0x0000005fc1a00000)]
  0x000001ddae663000 JavaThread "Sweeper thread" daemon [_thread_blocked, id=15904, stack(0x0000005fc1a00000,0x0000005fc1b00000)]
  0x000001ddae7fc800 JavaThread "Common-Cleaner" daemon [_thread_blocked, id=41140, stack(0x0000005fc1b00000,0x0000005fc1c00000)]
  0x000001ddae81d800 JavaThread "Service Thread" daemon [_thread_blocked, id=9968, stack(0x0000005fc1c00000,0x0000005fc1d00000)]
  0x000001ddb0d42000 JavaThread "Daemon health stats" [_thread_blocked, id=36884, stack(0x0000005fc2400000,0x0000005fc2500000)]
  0x000001ddb0f22000 JavaThread "Incoming local TCP Connector on port 53646" [_thread_in_native, id=26332, stack(0x0000005fc2300000,0x0000005fc2400000)]
  0x000001ddaf9dc000 JavaThread "Daemon periodic checks" [_thread_blocked, id=29868, stack(0x0000005fc2500000,0x0000005fc2600000)]
  0x000001ddafe4d800 JavaThread "Daemon" [_thread_blocked, id=16800, stack(0x0000005fc2600000,0x0000005fc2700000)]
  0x000001ddb0942800 JavaThread "Handler for socket connection from /127.0.0.1:53646 to /127.0.0.1:53647" [_thread_in_native, id=3084, stack(0x0000005fc2700000,0x0000005fc2800000)]
  0x000001ddaf9a6000 JavaThread "Cancel handler" [_thread_blocked, id=36468, stack(0x0000005fc2800000,0x0000005fc2900000)]
  0x000001ddb0c51000 JavaThread "Daemon worker" [_thread_in_Java, id=38536, stack(0x0000005fc2900000,0x0000005fc2a00000)]
  0x000001ddaff49800 JavaThread "Asynchronous log dispatcher for DefaultDaemonConnection: socket connection from /127.0.0.1:53646 to /127.0.0.1:53647" [_thread_blocked, id=31692, stack(0x0000005fc2a00000,0x0000005fc2b00000)]
  0x000001ddb0667800 JavaThread "Stdin handler" [_thread_blocked, id=18348, stack(0x0000005fc2b00000,0x0000005fc2c00000)]
  0x000001ddaff88000 JavaThread "Daemon client event forwarder" [_thread_blocked, id=38236, stack(0x0000005fc2c00000,0x0000005fc2d00000)]
  0x000001ddae92d000 JavaThread "Cache worker for journal cache (C:\Users\zxasq\.gradle\caches\journal-1)" [_thread_blocked, id=27284, stack(0x0000005fc3000000,0x0000005fc3100000)]
  0x000001ddae92e000 JavaThread "File lock request listener" [_thread_in_native, id=37472, stack(0x0000005fc3100000,0x0000005fc3200000)]
  0x000001ddae92f800 JavaThread "Cache worker for file hash cache (C:\Users\zxasq\.gradle\caches\8.2.1\fileHashes)" [_thread_blocked, id=17132, stack(0x0000005fc3200000,0x0000005fc3300000)]
  0x000001ddae931800 JavaThread "File watcher server" daemon [_thread_in_native, id=7624, stack(0x0000005fc3500000,0x0000005fc3600000)]
  0x000001ddae92f000 JavaThread "File watcher consumer" daemon [_thread_blocked, id=26504, stack(0x0000005fc3600000,0x0000005fc3700000)]
  0x000001ddae930800 JavaThread "Cache worker for checksums cache (C:\_intelliJ\Final_Appsolute\.gradle\8.2.1\checksums)" [_thread_blocked, id=26780, stack(0x0000005fc3700000,0x0000005fc3800000)]
  0x000001ddae932000 JavaThread "Cache worker for cache directory md-rule (C:\Users\zxasq\.gradle\caches\8.2.1\md-rule)" [_thread_blocked, id=19964, stack(0x0000005fc3400000,0x0000005fc3500000)]
  0x000001ddae92c800 JavaThread "Cache worker for file content cache (C:\Users\zxasq\.gradle\caches\8.2.1\fileContent)" [_thread_blocked, id=41740, stack(0x0000005fc3800000,0x0000005fc3900000)]
  0x000001ddae933000 JavaThread "Cache worker for file hash cache (C:\_intelliJ\Final_Appsolute\.gradle\8.2.1\fileHashes)" [_thread_blocked, id=22116, stack(0x0000005fc3900000,0x0000005fc3a00000)]
  0x000001ddaf75a800 JavaThread "Cache worker for cache directory md-supplier (C:\Users\zxasq\.gradle\caches\8.2.1\md-supplier)" [_thread_blocked, id=21680, stack(0x0000005fc3a00000,0x0000005fc3b00000)]
  0x000001ddaf75c800 JavaThread "Cache worker for execution history cache (C:\Users\zxasq\.gradle\caches\8.2.1\executionHistory)" [_thread_blocked, id=32492, stack(0x0000005fc3300000,0x0000005fc3400000)]
  0x000001ddaf759000 JavaThread "jar transforms" [_thread_blocked, id=23556, stack(0x0000005fc3c00000,0x0000005fc3d00000)]
  0x000001ddaf75e000 JavaThread "jar transforms Thread 2" [_thread_blocked, id=13156, stack(0x0000005fc3d00000,0x0000005fc3e00000)]
  0x000001ddaf762000 JavaThread "jar transforms Thread 3" [_thread_blocked, id=36212, stack(0x0000005fc3f00000,0x0000005fc4000000)]
  0x000001ddaf763800 JavaThread "jar transforms Thread 4" [_thread_blocked, id=10440, stack(0x0000005fc4000000,0x0000005fc4100000)]
  0x000001ddaf764800 JavaThread "jar transforms Thread 5" [_thread_blocked, id=28704, stack(0x0000005fc4100000,0x0000005fc4200000)]
  0x000001ddaf760800 JavaThread "jar transforms Thread 6" [_thread_blocked, id=21968, stack(0x0000005fc4200000,0x0000005fc4300000)]
  0x000001ddaf75f000 JavaThread "Cache worker for dependencies-accessors (C:\_intelliJ\Final_Appsolute\.gradle\8.2.1\dependencies-accessors)" [_thread_blocked, id=40760, stack(0x0000005fc4300000,0x0000005fc4400000)]
  0x000001ddaf765800 JavaThread "jar transforms Thread 7" [_thread_blocked, id=14080, stack(0x0000005fc4400000,0x0000005fc4500000)]
=>0x000001ddb0caf800 JavaThread "C2 CompilerThread1" daemon [_thread_in_native, id=22136, stack(0x0000005fc3b00000,0x0000005fc3c00000)]
  0x000001ddaf766000 JavaThread "Cache worker for Build Output Cleanup Cache (C:\_intelliJ\Final_Appsolute\.gradle\buildOutputCleanup)" [_thread_blocked, id=20276, stack(0x0000005fc3e00000,0x0000005fc3f00000)]
  0x000001ddaf767000 JavaThread "Unconstrained build operations" [_thread_blocked, id=19916, stack(0x0000005fc4500000,0x0000005fc4600000)]
  0x000001ddb251c000 JavaThread "Unconstrained build operations Thread 2" [_thread_blocked, id=36820, stack(0x0000005fc4600000,0x0000005fc4700000)]
  0x000001ddb251c800 JavaThread "Unconstrained build operations Thread 3" [_thread_blocked, id=5300, stack(0x0000005fc4700000,0x0000005fc4800000)]
  0x000001ddb251f000 JavaThread "Unconstrained build operations Thread 4" [_thread_blocked, id=24272, stack(0x0000005fc4800000,0x0000005fc4900000)]
  0x000001ddb2519800 JavaThread "Unconstrained build operations Thread 5" [_thread_blocked, id=16728, stack(0x0000005fc4900000,0x0000005fc4a00000)]
  0x000001ddb251a000 JavaThread "Unconstrained build operations Thread 6" [_thread_blocked, id=3696, stack(0x0000005fc4a00000,0x0000005fc4b00000)]
  0x000001ddb251d800 JavaThread "Unconstrained build operations Thread 7" [_thread_blocked, id=5724, stack(0x0000005fc4b00000,0x0000005fc4c00000)]
  0x000001ddb251e800 JavaThread "jar transforms Thread 8" [_thread_blocked, id=5432, stack(0x0000005fc4c00000,0x0000005fc4d00000)]
  0x000001ddb2520000 JavaThread "Memory manager" [_thread_blocked, id=37172, stack(0x0000005fc4d00000,0x0000005fc4e00000)]

Other Threads:
  0x000001ddadd16000 VMThread "VM Thread" [stack: 0x0000005fc1300000,0x0000005fc1400000] [id=36076]
  0x000001ddaea05800 WatcherThread [stack: 0x0000005fc1d00000,0x0000005fc1e00000] [id=40772]
  0x000001dd9297c000 GCTaskThread "GC Thread#0" [stack: 0x0000005fc0e00000,0x0000005fc0f00000] [id=4076]
  0x000001ddaf7be800 GCTaskThread "GC Thread#1" [stack: 0x0000005fc1e00000,0x0000005fc1f00000] [id=39460]
  0x000001ddaf6bb800 GCTaskThread "GC Thread#2" [stack: 0x0000005fc1f00000,0x0000005fc2000000] [id=24864]
  0x000001ddaf727000 GCTaskThread "GC Thread#3" [stack: 0x0000005fc2000000,0x0000005fc2100000] [id=16332]
  0x000001ddaf727800 GCTaskThread "GC Thread#4" [stack: 0x0000005fc2100000,0x0000005fc2200000] [id=11212]
  0x000001ddafb32000 GCTaskThread "GC Thread#5" [stack: 0x0000005fc2200000,0x0000005fc2300000] [id=2504]
  0x000001ddb0c52000 GCTaskThread "GC Thread#6" [stack: 0x0000005fc2d00000,0x0000005fc2e00000] [id=3892]
  0x000001ddaf755000 GCTaskThread "GC Thread#7" [stack: 0x0000005fc2e00000,0x0000005fc2f00000] [id=30068]
  0x000001dd9298d000 ConcurrentGCThread "G1 Main Marker" [stack: 0x0000005fc0f00000,0x0000005fc1000000] [id=15084]
  0x000001dd9298e800 ConcurrentGCThread "G1 Conc#0" [stack: 0x0000005fc1000000,0x0000005fc1100000] [id=23620]
  0x000001ddb01b3800 ConcurrentGCThread "G1 Conc#1" [stack: 0x0000005fc2f00000,0x0000005fc3000000] [id=14720]
  0x000001ddadba6800 ConcurrentGCThread "G1 Refine#0" [stack: 0x0000005fc1100000,0x0000005fc1200000] [id=37892]
  0x000001ddadba7000 ConcurrentGCThread "G1 Young RemSet Sampling" [stack: 0x0000005fc1200000,0x0000005fc1300000] [id=13928]

Threads with active compile tasks:
C2 CompilerThread05210   !   4       java.net.URLClassLoader$1::run (63 bytes)
C2 CompilerThread15190       4       java.beans.Introspector::addMethod (196 bytes)

VM state:not at safepoint (normal execution)

VM Mutex/Monitor currently owned by a thread: None

Heap address: 0x00000000e0000000, size: 512 MB, Compressed Oops mode: 32-bit
Narrow klass base: 0x0000000000000000, Narrow klass shift: 3
Compressed class space size: 394264576 Address: 0x0000000100000000

Heap:
 garbage-first heap   total 262144K, used 53919K [0x00000000e0000000, 0x0000000100000000)
  region size 1024K, 31 young (31744K), 15 survivors (15360K)
 Metaspace       used 56596K, capacity 58468K, committed 58832K, reserved 436224K
  class space    used 7507K, capacity 8206K, committed 8320K, reserved 385024K
Heap Regions: E=young(eden), S=young(survivor), O=old, HS=humongous(starts), HC=humongous(continues), CS=collection set, F=free, A=archive, TAMS=top-at-mark-start (previous, next)
|   0|0x00000000e0000000, 0x00000000e0100000, 0x00000000e0100000|100%|HS|  |TAMS 0x00000000e0100000, 0x00000000e0000000| Complete 
|   1|0x00000000e0100000, 0x00000000e0200000, 0x00000000e0200000|100%|HC|  |TAMS 0x00000000e0200000, 0x00000000e0100000| Complete 
|   2|0x00000000e0200000, 0x00000000e0300000, 0x00000000e0300000|100%|HC|  |TAMS 0x00000000e0300000, 0x00000000e0200000| Complete 
|   3|0x00000000e0300000, 0x00000000e0400000, 0x00000000e0400000|100%|HC|  |TAMS 0x00000000e0400000, 0x00000000e0300000| Complete 
|   4|0x00000000e0400000, 0x00000000e0500000, 0x00000000e0500000|100%| O|  |TAMS 0x00000000e0500000, 0x00000000e0400000| Untracked 
|   5|0x00000000e0500000, 0x00000000e0600000, 0x00000000e0600000|100%| O|  |TAMS 0x00000000e0600000, 0x00000000e0500000| Untracked 
|   6|0x00000000e0600000, 0x00000000e0700000, 0x00000000e0700000|100%| O|  |TAMS 0x00000000e0700000, 0x00000000e0600000| Untracked 
|   7|0x00000000e0700000, 0x00000000e0800000, 0x00000000e0800000|100%| O|  |TAMS 0x00000000e0800000, 0x00000000e0700000| Untracked 
|   8|0x00000000e0800000, 0x00000000e0900000, 0x00000000e0900000|100%| O|  |TAMS 0x00000000e0900000, 0x00000000e0800000| Untracked 
|   9|0x00000000e0900000, 0x00000000e0a00000, 0x00000000e0a00000|100%| O|  |TAMS 0x00000000e0a00000, 0x00000000e0900000| Untracked 
|  10|0x00000000e0a00000, 0x00000000e0b00000, 0x00000000e0b00000|100%| O|  |TAMS 0x00000000e0b00000, 0x00000000e0a00000| Untracked 
|  11|0x00000000e0b00000, 0x00000000e0c00000, 0x00000000e0c00000|100%| O|  |TAMS 0x00000000e0c00000, 0x00000000e0b00000| Untracked 
|  12|0x00000000e0c00000, 0x00000000e0d00000, 0x00000000e0d00000|100%| O|  |TAMS 0x00000000e0d00000, 0x00000000e0c00000| Untracked 
|  13|0x00000000e0d00000, 0x00000000e0e00000, 0x00000000e0e00000|100%| O|  |TAMS 0x00000000e0e00000, 0x00000000e0d00000| Untracked 
|  14|0x00000000e0e00000, 0x00000000e0f00000, 0x00000000e0f00000|100%| O|  |TAMS 0x00000000e0f00000, 0x00000000e0e00000| Untracked 
|  15|0x00000000e0f00000, 0x00000000e1000000, 0x00000000e1000000|100%| O|  |TAMS 0x00000000e1000000, 0x00000000e0f00000| Untracked 
|  16|0x00000000e1000000, 0x00000000e1100000, 0x00000000e1100000|100%| O|  |TAMS 0x00000000e1100000, 0x00000000e1000000| Untracked 
|  17|0x00000000e1100000, 0x00000000e1200000, 0x00000000e1200000|100%| O|  |TAMS 0x00000000e11f2a00, 0x00000000e1100000| Untracked 
|  18|0x00000000e1200000, 0x00000000e1300000, 0x00000000e1300000|100%| O|  |TAMS 0x00000000e1200000, 0x00000000e1200000| Untracked 
|  19|0x00000000e1300000, 0x00000000e1400000, 0x00000000e1400000|100%| O|  |TAMS 0x00000000e1300000, 0x00000000e1300000| Untracked 
|  20|0x00000000e1400000, 0x00000000e1500000, 0x00000000e1500000|100%| O|  |TAMS 0x00000000e1400000, 0x00000000e1400000| Untracked 
|  21|0x00000000e1500000, 0x00000000e1600000, 0x00000000e1600000|100%| O|  |TAMS 0x00000000e1500000, 0x00000000e1500000| Untracked 
|  22|0x00000000e1600000, 0x00000000e16a7e00, 0x00000000e1700000| 65%| O|  |TAMS 0x00000000e1600000, 0x00000000e1600000| Untracked 
|  23|0x00000000e1700000, 0x00000000e1700000, 0x00000000e1800000|  0%| F|  |TAMS 0x00000000e1700000, 0x00000000e1700000| Untracked 
|  24|0x00000000e1800000, 0x00000000e1800000, 0x00000000e1900000|  0%| F|  |TAMS 0x00000000e1800000, 0x00000000e1800000| Untracked 
|  25|0x00000000e1900000, 0x00000000e1900000, 0x00000000e1a00000|  0%| F|  |TAMS 0x00000000e1900000, 0x00000000e1900000| Untracked 
|  26|0x00000000e1a00000, 0x00000000e1a00000, 0x00000000e1b00000|  0%| F|  |TAMS 0x00000000e1a00000, 0x00000000e1a00000| Untracked 
|  27|0x00000000e1b00000, 0x00000000e1b00000, 0x00000000e1c00000|  0%| F|  |TAMS 0x00000000e1b00000, 0x00000000e1b00000| Untracked 
|  28|0x00000000e1c00000, 0x00000000e1c00000, 0x00000000e1d00000|  0%| F|  |TAMS 0x00000000e1c00000, 0x00000000e1c00000| Untracked 
|  29|0x00000000e1d00000, 0x00000000e1d00000, 0x00000000e1e00000|  0%| F|  |TAMS 0x00000000e1d00000, 0x00000000e1d00000| Untracked 
|  30|0x00000000e1e00000, 0x00000000e1e00000, 0x00000000e1f00000|  0%| F|  |TAMS 0x00000000e1e00000, 0x00000000e1e00000| Untracked 
|  31|0x00000000e1f00000, 0x00000000e1f00000, 0x00000000e2000000|  0%| F|  |TAMS 0x00000000e1f00000, 0x00000000e1f00000| Untracked 
|  32|0x00000000e2000000, 0x00000000e2000000, 0x00000000e2100000|  0%| F|  |TAMS 0x00000000e2000000, 0x00000000e2000000| Untracked 
|  33|0x00000000e2100000, 0x00000000e2100000, 0x00000000e2200000|  0%| F|  |TAMS 0x00000000e2100000, 0x00000000e2100000| Untracked 
|  34|0x00000000e2200000, 0x00000000e2200000, 0x00000000e2300000|  0%| F|  |TAMS 0x00000000e2200000, 0x00000000e2200000| Untracked 
|  35|0x00000000e2300000, 0x00000000e2300000, 0x00000000e2400000|  0%| F|  |TAMS 0x00000000e2300000, 0x00000000e2300000| Untracked 
|  36|0x00000000e2400000, 0x00000000e2400000, 0x00000000e2500000|  0%| F|  |TAMS 0x00000000e2400000, 0x00000000e2400000| Untracked 
|  37|0x00000000e2500000, 0x00000000e2500000, 0x00000000e2600000|  0%| F|  |TAMS 0x00000000e2500000, 0x00000000e2500000| Untracked 
|  38|0x00000000e2600000, 0x00000000e2600000, 0x00000000e2700000|  0%| F|  |TAMS 0x00000000e2600000, 0x00000000e2600000| Untracked 
|  39|0x00000000e2700000, 0x00000000e2700000, 0x00000000e2800000|  0%| F|  |TAMS 0x00000000e2700000, 0x00000000e2700000| Untracked 
|  40|0x00000000e2800000, 0x00000000e2800000, 0x00000000e2900000|  0%| F|  |TAMS 0x00000000e2800000, 0x00000000e2800000| Untracked 
|  41|0x00000000e2900000, 0x00000000e2900000, 0x00000000e2a00000|  0%| F|  |TAMS 0x00000000e2900000, 0x00000000e2900000| Untracked 
|  42|0x00000000e2a00000, 0x00000000e2a00000, 0x00000000e2b00000|  0%| F|  |TAMS 0x00000000e2a00000, 0x00000000e2a00000| Untracked 
|  43|0x00000000e2b00000, 0x00000000e2b00000, 0x00000000e2c00000|  0%| F|  |TAMS 0x00000000e2b00000, 0x00000000e2b00000| Untracked 
|  44|0x00000000e2c00000, 0x00000000e2c00000, 0x00000000e2d00000|  0%| F|  |TAMS 0x00000000e2c00000, 0x00000000e2c00000| Untracked 
|  45|0x00000000e2d00000, 0x00000000e2d00000, 0x00000000e2e00000|  0%| F|  |TAMS 0x00000000e2d00000, 0x00000000e2d00000| Untracked 
|  46|0x00000000e2e00000, 0x00000000e2e00000, 0x00000000e2f00000|  0%| F|  |TAMS 0x00000000e2e00000, 0x00000000e2e00000| Untracked 
|  47|0x00000000e2f00000, 0x00000000e2f00000, 0x00000000e3000000|  0%| F|  |TAMS 0x00000000e2f00000, 0x00000000e2f00000| Untracked 
|  48|0x00000000e3000000, 0x00000000e3000000, 0x00000000e3100000|  0%| F|  |TAMS 0x00000000e3000000, 0x00000000e3000000| Untracked 
|  49|0x00000000e3100000, 0x00000000e3100000, 0x00000000e3200000|  0%| F|  |TAMS 0x00000000e3100000, 0x00000000e3100000| Untracked 
|  50|0x00000000e3200000, 0x00000000e3200000, 0x00000000e3300000|  0%| F|  |TAMS 0x00000000e3200000, 0x00000000e3200000| Untracked 
|  51|0x00000000e3300000, 0x00000000e3300000, 0x00000000e3400000|  0%| F|  |TAMS 0x00000000e3300000, 0x00000000e3300000| Untracked 
|  52|0x00000000e3400000, 0x00000000e3400000, 0x00000000e3500000|  0%| F|  |TAMS 0x00000000e3400000, 0x00000000e3400000| Untracked 
|  53|0x00000000e3500000, 0x00000000e3500000, 0x00000000e3600000|  0%| F|  |TAMS 0x00000000e3500000, 0x00000000e3500000| Untracked 
|  54|0x00000000e3600000, 0x00000000e3600000, 0x00000000e3700000|  0%| F|  |TAMS 0x00000000e3600000, 0x00000000e3600000| Untracked 
|  55|0x00000000e3700000, 0x00000000e3700000, 0x00000000e3800000|  0%| F|  |TAMS 0x00000000e3700000, 0x00000000e3700000| Untracked 
|  56|0x00000000e3800000, 0x00000000e3800000, 0x00000000e3900000|  0%| F|  |TAMS 0x00000000e3800000, 0x00000000e3800000| Untracked 
|  57|0x00000000e3900000, 0x00000000e3900000, 0x00000000e3a00000|  0%| F|  |TAMS 0x00000000e3900000, 0x00000000e3900000| Untracked 
|  58|0x00000000e3a00000, 0x00000000e3a00000, 0x00000000e3b00000|  0%| F|  |TAMS 0x00000000e3a00000, 0x00000000e3a00000| Untracked 
|  59|0x00000000e3b00000, 0x00000000e3b00000, 0x00000000e3c00000|  0%| F|  |TAMS 0x00000000e3b00000, 0x00000000e3b00000| Untracked 
|  60|0x00000000e3c00000, 0x00000000e3c00000, 0x00000000e3d00000|  0%| F|  |TAMS 0x00000000e3c00000, 0x00000000e3c00000| Untracked 
|  61|0x00000000e3d00000, 0x00000000e3d00000, 0x00000000e3e00000|  0%| F|  |TAMS 0x00000000e3d00000, 0x00000000e3d00000| Untracked 
|  62|0x00000000e3e00000, 0x00000000e3e00000, 0x00000000e3f00000|  0%| F|  |TAMS 0x00000000e3e00000, 0x00000000e3e00000| Untracked 
|  63|0x00000000e3f00000, 0x00000000e3f00000, 0x00000000e4000000|  0%| F|  |TAMS 0x00000000e3f00000, 0x00000000e3f00000| Untracked 
|  64|0x00000000e4000000, 0x00000000e4000000, 0x00000000e4100000|  0%| F|  |TAMS 0x00000000e4000000, 0x00000000e4000000| Untracked 
|  65|0x00000000e4100000, 0x00000000e4100000, 0x00000000e4200000|  0%| F|  |TAMS 0x00000000e4100000, 0x00000000e4100000| Untracked 
|  66|0x00000000e4200000, 0x00000000e4200000, 0x00000000e4300000|  0%| F|  |TAMS 0x00000000e4200000, 0x00000000e4200000| Untracked 
|  67|0x00000000e4300000, 0x00000000e4300000, 0x00000000e4400000|  0%| F|  |TAMS 0x00000000e4300000, 0x00000000e4300000| Untracked 
|  68|0x00000000e4400000, 0x00000000e4400000, 0x00000000e4500000|  0%| F|  |TAMS 0x00000000e4400000, 0x00000000e4400000| Untracked 
|  69|0x00000000e4500000, 0x00000000e4500000, 0x00000000e4600000|  0%| F|  |TAMS 0x00000000e4500000, 0x00000000e4500000| Untracked 
|  70|0x00000000e4600000, 0x00000000e4600000, 0x00000000e4700000|  0%| F|  |TAMS 0x00000000e4600000, 0x00000000e4600000| Untracked 
|  71|0x00000000e4700000, 0x00000000e4700000, 0x00000000e4800000|  0%| F|  |TAMS 0x00000000e4700000, 0x00000000e4700000| Untracked 
|  72|0x00000000e4800000, 0x00000000e4800000, 0x00000000e4900000|  0%| F|  |TAMS 0x00000000e4800000, 0x00000000e4800000| Untracked 
|  73|0x00000000e4900000, 0x00000000e4900000, 0x00000000e4a00000|  0%| F|  |TAMS 0x00000000e4900000, 0x00000000e4900000| Untracked 
|  74|0x00000000e4a00000, 0x00000000e4a00000, 0x00000000e4b00000|  0%| F|  |TAMS 0x00000000e4a00000, 0x00000000e4a00000| Untracked 
|  75|0x00000000e4b00000, 0x00000000e4b00000, 0x00000000e4c00000|  0%| F|  |TAMS 0x00000000e4b00000, 0x00000000e4b00000| Untracked 
|  76|0x00000000e4c00000, 0x00000000e4c00000, 0x00000000e4d00000|  0%| F|  |TAMS 0x00000000e4c00000, 0x00000000e4c00000| Untracked 
|  77|0x00000000e4d00000, 0x00000000e4d00000, 0x00000000e4e00000|  0%| F|  |TAMS 0x00000000e4d00000, 0x00000000e4d00000| Untracked 
|  78|0x00000000e4e00000, 0x00000000e4e00000, 0x00000000e4f00000|  0%| F|  |TAMS 0x00000000e4e00000, 0x00000000e4e00000| Untracked 
|  79|0x00000000e4f00000, 0x00000000e4f00000, 0x00000000e5000000|  0%| F|  |TAMS 0x00000000e4f00000, 0x00000000e4f00000| Untracked 
|  80|0x00000000e5000000, 0x00000000e5000000, 0x00000000e5100000|  0%| F|  |TAMS 0x00000000e5000000, 0x00000000e5000000| Untracked 
|  81|0x00000000e5100000, 0x00000000e5100000, 0x00000000e5200000|  0%| F|  |TAMS 0x00000000e5100000, 0x00000000e5100000| Untracked 
|  82|0x00000000e5200000, 0x00000000e5200000, 0x00000000e5300000|  0%| F|  |TAMS 0x00000000e5200000, 0x00000000e5200000| Untracked 
|  83|0x00000000e5300000, 0x00000000e5300000, 0x00000000e5400000|  0%| F|  |TAMS 0x00000000e5300000, 0x00000000e5300000| Untracked 
|  84|0x00000000e5400000, 0x00000000e5400000, 0x00000000e5500000|  0%| F|  |TAMS 0x00000000e5400000, 0x00000000e5400000| Untracked 
|  85|0x00000000e5500000, 0x00000000e5500000, 0x00000000e5600000|  0%| F|  |TAMS 0x00000000e5500000, 0x00000000e5500000| Untracked 
|  86|0x00000000e5600000, 0x00000000e5600000, 0x00000000e5700000|  0%| F|  |TAMS 0x00000000e5600000, 0x00000000e5600000| Untracked 
|  87|0x00000000e5700000, 0x00000000e5700000, 0x00000000e5800000|  0%| F|  |TAMS 0x00000000e5700000, 0x00000000e5700000| Untracked 
|  88|0x00000000e5800000, 0x00000000e5900000, 0x00000000e5900000|100%| S|CS|TAMS 0x00000000e5800000, 0x00000000e5800000| Complete 
|  89|0x00000000e5900000, 0x00000000e5a00000, 0x00000000e5a00000|100%| S|CS|TAMS 0x00000000e5900000, 0x00000000e5900000| Complete 
|  90|0x00000000e5a00000, 0x00000000e5b00000, 0x00000000e5b00000|100%| S|CS|TAMS 0x00000000e5a00000, 0x00000000e5a00000| Complete 
|  91|0x00000000e5b00000, 0x00000000e5c00000, 0x00000000e5c00000|100%| S|CS|TAMS 0x00000000e5b00000, 0x00000000e5b00000| Complete 
|  92|0x00000000e5c00000, 0x00000000e5d00000, 0x00000000e5d00000|100%| S|CS|TAMS 0x00000000e5c00000, 0x00000000e5c00000| Complete 
|  93|0x00000000e5d00000, 0x00000000e5e00000, 0x00000000e5e00000|100%| S|CS|TAMS 0x00000000e5d00000, 0x00000000e5d00000| Complete 
|  94|0x00000000e5e00000, 0x00000000e5f00000, 0x00000000e5f00000|100%| S|CS|TAMS 0x00000000e5e00000, 0x00000000e5e00000| Complete 
|  95|0x00000000e5f00000, 0x00000000e6000000, 0x00000000e6000000|100%| S|CS|TAMS 0x00000000e5f00000, 0x00000000e5f00000| Complete 
|  96|0x00000000e6000000, 0x00000000e6100000, 0x00000000e6100000|100%| S|CS|TAMS 0x00000000e6000000, 0x00000000e6000000| Complete 
|  97|0x00000000e6100000, 0x00000000e6200000, 0x00000000e6200000|100%| S|CS|TAMS 0x00000000e6100000, 0x00000000e6100000| Complete 
|  98|0x00000000e6200000, 0x00000000e6300000, 0x00000000e6300000|100%| S|CS|TAMS 0x00000000e6200000, 0x00000000e6200000| Complete 
|  99|0x00000000e6300000, 0x00000000e6400000, 0x00000000e6400000|100%| S|CS|TAMS 0x00000000e6300000, 0x00000000e6300000| Complete 
| 100|0x00000000e6400000, 0x00000000e6500000, 0x00000000e6500000|100%| S|CS|TAMS 0x00000000e6400000, 0x00000000e6400000| Complete 
| 101|0x00000000e6500000, 0x00000000e6600000, 0x00000000e6600000|100%| S|CS|TAMS 0x00000000e6500000, 0x00000000e6500000| Complete 
| 102|0x00000000e6600000, 0x00000000e6700000, 0x00000000e6700000|100%| S|CS|TAMS 0x00000000e6600000, 0x00000000e6600000| Complete 
| 103|0x00000000e6700000, 0x00000000e6700000, 0x00000000e6800000|  0%| F|  |TAMS 0x00000000e6700000, 0x00000000e6700000| Untracked 
| 104|0x00000000e6800000, 0x00000000e6800000, 0x00000000e6900000|  0%| F|  |TAMS 0x00000000e6800000, 0x00000000e6800000| Untracked 
| 105|0x00000000e6900000, 0x00000000e6900000, 0x00000000e6a00000|  0%| F|  |TAMS 0x00000000e6900000, 0x00000000e6900000| Untracked 
| 106|0x00000000e6a00000, 0x00000000e6a00000, 0x00000000e6b00000|  0%| F|  |TAMS 0x00000000e6a00000, 0x00000000e6a00000| Untracked 
| 107|0x00000000e6b00000, 0x00000000e6b00000, 0x00000000e6c00000|  0%| F|  |TAMS 0x00000000e6b00000, 0x00000000e6b00000| Untracked 
| 108|0x00000000e6c00000, 0x00000000e6c00000, 0x00000000e6d00000|  0%| F|  |TAMS 0x00000000e6c00000, 0x00000000e6c00000| Untracked 
| 109|0x00000000e6d00000, 0x00000000e6d00000, 0x00000000e6e00000|  0%| F|  |TAMS 0x00000000e6d00000, 0x00000000e6d00000| Untracked 
| 110|0x00000000e6e00000, 0x00000000e6e00000, 0x00000000e6f00000|  0%| F|  |TAMS 0x00000000e6e00000, 0x00000000e6e00000| Untracked 
| 111|0x00000000e6f00000, 0x00000000e6f00000, 0x00000000e7000000|  0%| F|  |TAMS 0x00000000e6f00000, 0x00000000e6f00000| Untracked 
| 112|0x00000000e7000000, 0x00000000e7000000, 0x00000000e7100000|  0%| F|  |TAMS 0x00000000e7000000, 0x00000000e7000000| Untracked 
| 113|0x00000000e7100000, 0x00000000e7100000, 0x00000000e7200000|  0%| F|  |TAMS 0x00000000e7100000, 0x00000000e7100000| Untracked 
| 114|0x00000000e7200000, 0x00000000e7200000, 0x00000000e7300000|  0%| F|  |TAMS 0x00000000e7200000, 0x00000000e7200000| Untracked 
| 115|0x00000000e7300000, 0x00000000e7300000, 0x00000000e7400000|  0%| F|  |TAMS 0x00000000e7300000, 0x00000000e7300000| Untracked 
| 116|0x00000000e7400000, 0x00000000e7400000, 0x00000000e7500000|  0%| F|  |TAMS 0x00000000e7400000, 0x00000000e7400000| Untracked 
| 117|0x00000000e7500000, 0x00000000e7500000, 0x00000000e7600000|  0%| F|  |TAMS 0x00000000e7500000, 0x00000000e7500000| Untracked 
| 118|0x00000000e7600000, 0x00000000e7600000, 0x00000000e7700000|  0%| F|  |TAMS 0x00000000e7600000, 0x00000000e7600000| Untracked 
| 119|0x00000000e7700000, 0x00000000e7700000, 0x00000000e7800000|  0%| F|  |TAMS 0x00000000e7700000, 0x00000000e7700000| Untracked 
| 120|0x00000000e7800000, 0x00000000e7800000, 0x00000000e7900000|  0%| F|  |TAMS 0x00000000e7800000, 0x00000000e7800000| Untracked 
| 121|0x00000000e7900000, 0x00000000e7900000, 0x00000000e7a00000|  0%| F|  |TAMS 0x00000000e7900000, 0x00000000e7900000| Untracked 
| 122|0x00000000e7a00000, 0x00000000e7a00000, 0x00000000e7b00000|  0%| F|  |TAMS 0x00000000e7a00000, 0x00000000e7a00000| Untracked 
| 123|0x00000000e7b00000, 0x00000000e7b00000, 0x00000000e7c00000|  0%| F|  |TAMS 0x00000000e7b00000, 0x00000000e7b00000| Untracked 
| 124|0x00000000e7c00000, 0x00000000e7c00000, 0x00000000e7d00000|  0%| F|  |TAMS 0x00000000e7c00000, 0x00000000e7c00000| Untracked 
| 125|0x00000000e7d00000, 0x00000000e7d00000, 0x00000000e7e00000|  0%| F|  |TAMS 0x00000000e7d00000, 0x00000000e7d00000| Untracked 
| 126|0x00000000e7e00000, 0x00000000e7e00000, 0x00000000e7f00000|  0%| F|  |TAMS 0x00000000e7e00000, 0x00000000e7e00000| Untracked 
| 127|0x00000000e7f00000, 0x00000000e7f00000, 0x00000000e8000000|  0%| F|  |TAMS 0x00000000e7f00000, 0x00000000e7f00000| Untracked 
| 128|0x00000000e8000000, 0x00000000e8000000, 0x00000000e8100000|  0%| F|  |TAMS 0x00000000e8000000, 0x00000000e8000000| Untracked 
| 129|0x00000000e8100000, 0x00000000e8100000, 0x00000000e8200000|  0%| F|  |TAMS 0x00000000e8100000, 0x00000000e8100000| Untracked 
| 130|0x00000000e8200000, 0x00000000e8200000, 0x00000000e8300000|  0%| F|  |TAMS 0x00000000e8200000, 0x00000000e8200000| Untracked 
| 131|0x00000000e8300000, 0x00000000e8300000, 0x00000000e8400000|  0%| F|  |TAMS 0x00000000e8300000, 0x00000000e8300000| Untracked 
| 132|0x00000000e8400000, 0x00000000e8400000, 0x00000000e8500000|  0%| F|  |TAMS 0x00000000e8400000, 0x00000000e8400000| Untracked 
| 133|0x00000000e8500000, 0x00000000e8500000, 0x00000000e8600000|  0%| F|  |TAMS 0x00000000e8500000, 0x00000000e8500000| Untracked 
| 134|0x00000000e8600000, 0x00000000e8600000, 0x00000000e8700000|  0%| F|  |TAMS 0x00000000e8600000, 0x00000000e8600000| Untracked 
| 135|0x00000000e8700000, 0x00000000e8700000, 0x00000000e8800000|  0%| F|  |TAMS 0x00000000e8700000, 0x00000000e8700000| Untracked 
| 136|0x00000000e8800000, 0x00000000e8800000, 0x00000000e8900000|  0%| F|  |TAMS 0x00000000e8800000, 0x00000000e8800000| Untracked 
| 137|0x00000000e8900000, 0x00000000e8900000, 0x00000000e8a00000|  0%| F|  |TAMS 0x00000000e8900000, 0x00000000e8900000| Untracked 
| 138|0x00000000e8a00000, 0x00000000e8a00000, 0x00000000e8b00000|  0%| F|  |TAMS 0x00000000e8a00000, 0x00000000e8a00000| Untracked 
| 139|0x00000000e8b00000, 0x00000000e8b00000, 0x00000000e8c00000|  0%| F|  |TAMS 0x00000000e8b00000, 0x00000000e8b00000| Untracked 
| 140|0x00000000e8c00000, 0x00000000e8c00000, 0x00000000e8d00000|  0%| F|  |TAMS 0x00000000e8c00000, 0x00000000e8c00000| Untracked 
| 141|0x00000000e8d00000, 0x00000000e8d00000, 0x00000000e8e00000|  0%| F|  |TAMS 0x00000000e8d00000, 0x00000000e8d00000| Untracked 
| 142|0x00000000e8e00000, 0x00000000e8e00000, 0x00000000e8f00000|  0%| F|  |TAMS 0x00000000e8e00000, 0x00000000e8e00000| Untracked 
| 143|0x00000000e8f00000, 0x00000000e8f00000, 0x00000000e9000000|  0%| F|  |TAMS 0x00000000e8f00000, 0x00000000e8f00000| Untracked 
| 144|0x00000000e9000000, 0x00000000e9000000, 0x00000000e9100000|  0%| F|  |TAMS 0x00000000e9000000, 0x00000000e9000000| Untracked 
| 145|0x00000000e9100000, 0x00000000e9100000, 0x00000000e9200000|  0%| F|  |TAMS 0x00000000e9100000, 0x00000000e9100000| Untracked 
| 146|0x00000000e9200000, 0x00000000e9200000, 0x00000000e9300000|  0%| F|  |TAMS 0x00000000e9200000, 0x00000000e9200000| Untracked 
| 147|0x00000000e9300000, 0x00000000e9300000, 0x00000000e9400000|  0%| F|  |TAMS 0x00000000e9300000, 0x00000000e9300000| Untracked 
| 148|0x00000000e9400000, 0x00000000e9400000, 0x00000000e9500000|  0%| F|  |TAMS 0x00000000e9400000, 0x00000000e9400000| Untracked 
| 149|0x00000000e9500000, 0x00000000e9500000, 0x00000000e9600000|  0%| F|  |TAMS 0x00000000e9500000, 0x00000000e9500000| Untracked 
| 150|0x00000000e9600000, 0x00000000e9600000, 0x00000000e9700000|  0%| F|  |TAMS 0x00000000e9600000, 0x00000000e9600000| Untracked 
| 151|0x00000000e9700000, 0x00000000e9700000, 0x00000000e9800000|  0%| F|  |TAMS 0x00000000e9700000, 0x00000000e9700000| Untracked 
| 152|0x00000000e9800000, 0x00000000e9800000, 0x00000000e9900000|  0%| F|  |TAMS 0x00000000e9800000, 0x00000000e9800000| Untracked 
| 153|0x00000000e9900000, 0x00000000e9900000, 0x00000000e9a00000|  0%| F|  |TAMS 0x00000000e9900000, 0x00000000e9900000| Untracked 
| 154|0x00000000e9a00000, 0x00000000e9a00000, 0x00000000e9b00000|  0%| F|  |TAMS 0x00000000e9a00000, 0x00000000e9a00000| Untracked 
| 155|0x00000000e9b00000, 0x00000000e9b00000, 0x00000000e9c00000|  0%| F|  |TAMS 0x00000000e9b00000, 0x00000000e9b00000| Untracked 
| 156|0x00000000e9c00000, 0x00000000e9c00000, 0x00000000e9d00000|  0%| F|  |TAMS 0x00000000e9c00000, 0x00000000e9c00000| Untracked 
| 157|0x00000000e9d00000, 0x00000000e9d00000, 0x00000000e9e00000|  0%| F|  |TAMS 0x00000000e9d00000, 0x00000000e9d00000| Untracked 
| 158|0x00000000e9e00000, 0x00000000e9e00000, 0x00000000e9f00000|  0%| F|  |TAMS 0x00000000e9e00000, 0x00000000e9e00000| Untracked 
| 159|0x00000000e9f00000, 0x00000000e9f00000, 0x00000000ea000000|  0%| F|  |TAMS 0x00000000e9f00000, 0x00000000e9f00000| Untracked 
| 160|0x00000000ea000000, 0x00000000ea000000, 0x00000000ea100000|  0%| F|  |TAMS 0x00000000ea000000, 0x00000000ea000000| Untracked 
| 161|0x00000000ea100000, 0x00000000ea100000, 0x00000000ea200000|  0%| F|  |TAMS 0x00000000ea100000, 0x00000000ea100000| Untracked 
| 162|0x00000000ea200000, 0x00000000ea200000, 0x00000000ea300000|  0%| F|  |TAMS 0x00000000ea200000, 0x00000000ea200000| Untracked 
| 163|0x00000000ea300000, 0x00000000ea300000, 0x00000000ea400000|  0%| F|  |TAMS 0x00000000ea300000, 0x00000000ea300000| Untracked 
| 164|0x00000000ea400000, 0x00000000ea400000, 0x00000000ea500000|  0%| F|  |TAMS 0x00000000ea400000, 0x00000000ea400000| Untracked 
| 165|0x00000000ea500000, 0x00000000ea500000, 0x00000000ea600000|  0%| F|  |TAMS 0x00000000ea500000, 0x00000000ea500000| Untracked 
| 166|0x00000000ea600000, 0x00000000ea600000, 0x00000000ea700000|  0%| F|  |TAMS 0x00000000ea600000, 0x00000000ea600000| Untracked 
| 167|0x00000000ea700000, 0x00000000ea700000, 0x00000000ea800000|  0%| F|  |TAMS 0x00000000ea700000, 0x00000000ea700000| Untracked 
| 168|0x00000000ea800000, 0x00000000ea800000, 0x00000000ea900000|  0%| F|  |TAMS 0x00000000ea800000, 0x00000000ea800000| Untracked 
| 169|0x00000000ea900000, 0x00000000ea900000, 0x00000000eaa00000|  0%| F|  |TAMS 0x00000000ea900000, 0x00000000ea900000| Untracked 
| 170|0x00000000eaa00000, 0x00000000eaa00000, 0x00000000eab00000|  0%| F|  |TAMS 0x00000000eaa00000, 0x00000000eaa00000| Untracked 
| 171|0x00000000eab00000, 0x00000000eab00000, 0x00000000eac00000|  0%| F|  |TAMS 0x00000000eab00000, 0x00000000eab00000| Untracked 
| 172|0x00000000eac00000, 0x00000000eac00000, 0x00000000ead00000|  0%| F|  |TAMS 0x00000000eac00000, 0x00000000eac00000| Untracked 
| 173|0x00000000ead00000, 0x00000000ead00000, 0x00000000eae00000|  0%| F|  |TAMS 0x00000000ead00000, 0x00000000ead00000| Untracked 
| 174|0x00000000eae00000, 0x00000000eae00000, 0x00000000eaf00000|  0%| F|  |TAMS 0x00000000eae00000, 0x00000000eae00000| Untracked 
| 175|0x00000000eaf00000, 0x00000000eaf00000, 0x00000000eb000000|  0%| F|  |TAMS 0x00000000eaf00000, 0x00000000eaf00000| Untracked 
| 176|0x00000000eb000000, 0x00000000eb000000, 0x00000000eb100000|  0%| F|  |TAMS 0x00000000eb000000, 0x00000000eb000000| Untracked 
| 177|0x00000000eb100000, 0x00000000eb100000, 0x00000000eb200000|  0%| F|  |TAMS 0x00000000eb100000, 0x00000000eb100000| Untracked 
| 178|0x00000000eb200000, 0x00000000eb200000, 0x00000000eb300000|  0%| F|  |TAMS 0x00000000eb200000, 0x00000000eb200000| Untracked 
| 179|0x00000000eb300000, 0x00000000eb300000, 0x00000000eb400000|  0%| F|  |TAMS 0x00000000eb300000, 0x00000000eb300000| Untracked 
| 180|0x00000000eb400000, 0x00000000eb400000, 0x00000000eb500000|  0%| F|  |TAMS 0x00000000eb400000, 0x00000000eb400000| Untracked 
| 181|0x00000000eb500000, 0x00000000eb500000, 0x00000000eb600000|  0%| F|  |TAMS 0x00000000eb500000, 0x00000000eb500000| Untracked 
| 182|0x00000000eb600000, 0x00000000eb600000, 0x00000000eb700000|  0%| F|  |TAMS 0x00000000eb600000, 0x00000000eb600000| Untracked 
| 183|0x00000000eb700000, 0x00000000eb700000, 0x00000000eb800000|  0%| F|  |TAMS 0x00000000eb700000, 0x00000000eb700000| Untracked 
| 184|0x00000000eb800000, 0x00000000eb800000, 0x00000000eb900000|  0%| F|  |TAMS 0x00000000eb800000, 0x00000000eb800000| Untracked 
| 185|0x00000000eb900000, 0x00000000eb900000, 0x00000000eba00000|  0%| F|  |TAMS 0x00000000eb900000, 0x00000000eb900000| Untracked 
| 186|0x00000000eba00000, 0x00000000eba00000, 0x00000000ebb00000|  0%| F|  |TAMS 0x00000000eba00000, 0x00000000eba00000| Untracked 
| 187|0x00000000ebb00000, 0x00000000ebb00000, 0x00000000ebc00000|  0%| F|  |TAMS 0x00000000ebb00000, 0x00000000ebb00000| Untracked 
| 188|0x00000000ebc00000, 0x00000000ebc00000, 0x00000000ebd00000|  0%| F|  |TAMS 0x00000000ebc00000, 0x00000000ebc00000| Untracked 
| 189|0x00000000ebd00000, 0x00000000ebd00000, 0x00000000ebe00000|  0%| F|  |TAMS 0x00000000ebd00000, 0x00000000ebd00000| Untracked 
| 190|0x00000000ebe00000, 0x00000000ebe00000, 0x00000000ebf00000|  0%| F|  |TAMS 0x00000000ebe00000, 0x00000000ebe00000| Untracked 
| 191|0x00000000ebf00000, 0x00000000ebf00000, 0x00000000ec000000|  0%| F|  |TAMS 0x00000000ebf00000, 0x00000000ebf00000| Untracked 
| 192|0x00000000ec000000, 0x00000000ec000000, 0x00000000ec100000|  0%| F|  |TAMS 0x00000000ec000000, 0x00000000ec000000| Untracked 
| 193|0x00000000ec100000, 0x00000000ec100000, 0x00000000ec200000|  0%| F|  |TAMS 0x00000000ec100000, 0x00000000ec100000| Untracked 
| 194|0x00000000ec200000, 0x00000000ec200000, 0x00000000ec300000|  0%| F|  |TAMS 0x00000000ec200000, 0x00000000ec200000| Untracked 
| 195|0x00000000ec300000, 0x00000000ec300000, 0x00000000ec400000|  0%| F|  |TAMS 0x00000000ec300000, 0x00000000ec300000| Untracked 
| 196|0x00000000ec400000, 0x00000000ec400000, 0x00000000ec500000|  0%| F|  |TAMS 0x00000000ec400000, 0x00000000ec400000| Untracked 
| 197|0x00000000ec500000, 0x00000000ec500000, 0x00000000ec600000|  0%| F|  |TAMS 0x00000000ec500000, 0x00000000ec500000| Untracked 
| 198|0x00000000ec600000, 0x00000000ec600000, 0x00000000ec700000|  0%| F|  |TAMS 0x00000000ec600000, 0x00000000ec600000| Untracked 
| 199|0x00000000ec700000, 0x00000000ec700000, 0x00000000ec800000|  0%| F|  |TAMS 0x00000000ec700000, 0x00000000ec700000| Untracked 
| 200|0x00000000ec800000, 0x00000000ec800000, 0x00000000ec900000|  0%| F|  |TAMS 0x00000000ec800000, 0x00000000ec800000| Untracked 
| 201|0x00000000ec900000, 0x00000000ec900000, 0x00000000eca00000|  0%| F|  |TAMS 0x00000000ec900000, 0x00000000ec900000| Untracked 
| 202|0x00000000eca00000, 0x00000000eca00000, 0x00000000ecb00000|  0%| F|  |TAMS 0x00000000eca00000, 0x00000000eca00000| Untracked 
| 203|0x00000000ecb00000, 0x00000000ecb00000, 0x00000000ecc00000|  0%| F|  |TAMS 0x00000000ecb00000, 0x00000000ecb00000| Untracked 
| 204|0x00000000ecc00000, 0x00000000ecc00000, 0x00000000ecd00000|  0%| F|  |TAMS 0x00000000ecc00000, 0x00000000ecc00000| Untracked 
| 205|0x00000000ecd00000, 0x00000000ecd00000, 0x00000000ece00000|  0%| F|  |TAMS 0x00000000ecd00000, 0x00000000ecd00000| Untracked 
| 206|0x00000000ece00000, 0x00000000ece00000, 0x00000000ecf00000|  0%| F|  |TAMS 0x00000000ece00000, 0x00000000ece00000| Untracked 
| 207|0x00000000ecf00000, 0x00000000ecf00000, 0x00000000ed000000|  0%| F|  |TAMS 0x00000000ecf00000, 0x00000000ecf00000| Untracked 
| 208|0x00000000ed000000, 0x00000000ed000000, 0x00000000ed100000|  0%| F|  |TAMS 0x00000000ed000000, 0x00000000ed000000| Untracked 
| 209|0x00000000ed100000, 0x00000000ed100000, 0x00000000ed200000|  0%| F|  |TAMS 0x00000000ed100000, 0x00000000ed100000| Untracked 
| 210|0x00000000ed200000, 0x00000000ed200000, 0x00000000ed300000|  0%| F|  |TAMS 0x00000000ed200000, 0x00000000ed200000| Untracked 
| 211|0x00000000ed300000, 0x00000000ed300000, 0x00000000ed400000|  0%| F|  |TAMS 0x00000000ed300000, 0x00000000ed300000| Untracked 
| 212|0x00000000ed400000, 0x00000000ed400000, 0x00000000ed500000|  0%| F|  |TAMS 0x00000000ed400000, 0x00000000ed400000| Untracked 
| 213|0x00000000ed500000, 0x00000000ed500000, 0x00000000ed600000|  0%| F|  |TAMS 0x00000000ed500000, 0x00000000ed500000| Untracked 
| 214|0x00000000ed600000, 0x00000000ed600000, 0x00000000ed700000|  0%| F|  |TAMS 0x00000000ed600000, 0x00000000ed600000| Untracked 
| 215|0x00000000ed700000, 0x00000000ed700000, 0x00000000ed800000|  0%| F|  |TAMS 0x00000000ed700000, 0x00000000ed700000| Untracked 
| 216|0x00000000ed800000, 0x00000000ed800000, 0x00000000ed900000|  0%| F|  |TAMS 0x00000000ed800000, 0x00000000ed800000| Untracked 
| 217|0x00000000ed900000, 0x00000000ed900000, 0x00000000eda00000|  0%| F|  |TAMS 0x00000000ed900000, 0x00000000ed900000| Untracked 
| 218|0x00000000eda00000, 0x00000000eda00000, 0x00000000edb00000|  0%| F|  |TAMS 0x00000000eda00000, 0x00000000eda00000| Untracked 
| 219|0x00000000edb00000, 0x00000000edb00000, 0x00000000edc00000|  0%| F|  |TAMS 0x00000000edb00000, 0x00000000edb00000| Untracked 
| 220|0x00000000edc00000, 0x00000000edc00000, 0x00000000edd00000|  0%| F|  |TAMS 0x00000000edc00000, 0x00000000edc00000| Untracked 
| 221|0x00000000edd00000, 0x00000000edd00000, 0x00000000ede00000|  0%| F|  |TAMS 0x00000000edd00000, 0x00000000edd00000| Untracked 
| 222|0x00000000ede00000, 0x00000000ede00000, 0x00000000edf00000|  0%| F|  |TAMS 0x00000000ede00000, 0x00000000ede00000| Untracked 
| 223|0x00000000edf00000, 0x00000000edf00000, 0x00000000ee000000|  0%| F|  |TAMS 0x00000000edf00000, 0x00000000edf00000| Untracked 
| 224|0x00000000ee000000, 0x00000000ee000000, 0x00000000ee100000|  0%| F|  |TAMS 0x00000000ee000000, 0x00000000ee000000| Untracked 
| 225|0x00000000ee100000, 0x00000000ee100000, 0x00000000ee200000|  0%| F|  |TAMS 0x00000000ee100000, 0x00000000ee100000| Untracked 
| 226|0x00000000ee200000, 0x00000000ee200000, 0x00000000ee300000|  0%| F|  |TAMS 0x00000000ee200000, 0x00000000ee200000| Untracked 
| 227|0x00000000ee300000, 0x00000000ee300000, 0x00000000ee400000|  0%| F|  |TAMS 0x00000000ee300000, 0x00000000ee300000| Untracked 
| 228|0x00000000ee400000, 0x00000000ee400000, 0x00000000ee500000|  0%| F|  |TAMS 0x00000000ee400000, 0x00000000ee400000| Untracked 
| 229|0x00000000ee500000, 0x00000000ee500000, 0x00000000ee600000|  0%| F|  |TAMS 0x00000000ee500000, 0x00000000ee500000| Untracked 
| 230|0x00000000ee600000, 0x00000000ee600000, 0x00000000ee700000|  0%| F|  |TAMS 0x00000000ee600000, 0x00000000ee600000| Untracked 
| 231|0x00000000ee700000, 0x00000000ee700000, 0x00000000ee800000|  0%| F|  |TAMS 0x00000000ee700000, 0x00000000ee700000| Untracked 
| 232|0x00000000ee800000, 0x00000000ee800000, 0x00000000ee900000|  0%| F|  |TAMS 0x00000000ee800000, 0x00000000ee800000| Untracked 
| 233|0x00000000ee900000, 0x00000000ee900000, 0x00000000eea00000|  0%| F|  |TAMS 0x00000000ee900000, 0x00000000ee900000| Untracked 
| 234|0x00000000eea00000, 0x00000000eea00000, 0x00000000eeb00000|  0%| F|  |TAMS 0x00000000eea00000, 0x00000000eea00000| Untracked 
| 235|0x00000000eeb00000, 0x00000000eeb00000, 0x00000000eec00000|  0%| F|  |TAMS 0x00000000eeb00000, 0x00000000eeb00000| Untracked 
| 236|0x00000000eec00000, 0x00000000eec00000, 0x00000000eed00000|  0%| F|  |TAMS 0x00000000eec00000, 0x00000000eec00000| Untracked 
| 237|0x00000000eed00000, 0x00000000eed00000, 0x00000000eee00000|  0%| F|  |TAMS 0x00000000eed00000, 0x00000000eed00000| Untracked 
| 238|0x00000000eee00000, 0x00000000eee00000, 0x00000000eef00000|  0%| F|  |TAMS 0x00000000eee00000, 0x00000000eee00000| Untracked 
| 239|0x00000000eef00000, 0x00000000ef000000, 0x00000000ef000000|100%| E|  |TAMS 0x00000000eef00000, 0x00000000eef00000| Complete 
| 240|0x00000000ef000000, 0x00000000ef100000, 0x00000000ef100000|100%| E|CS|TAMS 0x00000000ef000000, 0x00000000ef000000| Complete 
| 241|0x00000000ef100000, 0x00000000ef200000, 0x00000000ef200000|100%| E|CS|TAMS 0x00000000ef100000, 0x00000000ef100000| Complete 
| 242|0x00000000ef200000, 0x00000000ef300000, 0x00000000ef300000|100%| E|CS|TAMS 0x00000000ef200000, 0x00000000ef200000| Complete 
| 243|0x00000000ef300000, 0x00000000ef400000, 0x00000000ef400000|100%| E|CS|TAMS 0x00000000ef300000, 0x00000000ef300000| Complete 
| 244|0x00000000ef400000, 0x00000000ef500000, 0x00000000ef500000|100%| E|CS|TAMS 0x00000000ef400000, 0x00000000ef400000| Complete 
| 245|0x00000000ef500000, 0x00000000ef600000, 0x00000000ef600000|100%| E|CS|TAMS 0x00000000ef500000, 0x00000000ef500000| Complete 
| 246|0x00000000ef600000, 0x00000000ef700000, 0x00000000ef700000|100%| E|CS|TAMS 0x00000000ef600000, 0x00000000ef600000| Complete 
| 247|0x00000000ef700000, 0x00000000ef800000, 0x00000000ef800000|100%| E|CS|TAMS 0x00000000ef700000, 0x00000000ef700000| Complete 
| 248|0x00000000ef800000, 0x00000000ef900000, 0x00000000ef900000|100%| E|CS|TAMS 0x00000000ef800000, 0x00000000ef800000| Complete 
| 249|0x00000000ef900000, 0x00000000efa00000, 0x00000000efa00000|100%| E|CS|TAMS 0x00000000ef900000, 0x00000000ef900000| Complete 
| 250|0x00000000efa00000, 0x00000000efb00000, 0x00000000efb00000|100%| E|CS|TAMS 0x00000000efa00000, 0x00000000efa00000| Complete 
| 251|0x00000000efb00000, 0x00000000efc00000, 0x00000000efc00000|100%| E|CS|TAMS 0x00000000efb00000, 0x00000000efb00000| Complete 
| 252|0x00000000efc00000, 0x00000000efd00000, 0x00000000efd00000|100%| E|CS|TAMS 0x00000000efc00000, 0x00000000efc00000| Complete 
| 253|0x00000000efd00000, 0x00000000efe00000, 0x00000000efe00000|100%| E|CS|TAMS 0x00000000efd00000, 0x00000000efd00000| Complete 
| 254|0x00000000efe00000, 0x00000000eff00000, 0x00000000eff00000|100%| E|CS|TAMS 0x00000000efe00000, 0x00000000efe00000| Complete 
| 255|0x00000000eff00000, 0x00000000f0000000, 0x00000000f0000000|100%| E|CS|TAMS 0x00000000eff00000, 0x00000000eff00000| Complete 

Card table byte_map: [0x000001ddaa0c0000,0x000001ddaa1c0000] _byte_map_base: 0x000001dda99c0000

Marking Bits (Prev, Next): (CMBitMap*) 0x000001dd9298a488, (CMBitMap*) 0x000001dd9298a4c0
 Prev Bits: [0x000001ddaa2c0000, 0x000001ddaaac0000)
 Next Bits: [0x000001ddaaac0000, 0x000001ddab2c0000)

Polling page: 0x000001dd90850000

Metaspace:

Usage:
  Non-class:     49.10 MB capacity,    47.96 MB ( 98%) used,   970.05 KB (  2%) free+waste,   196.75 KB ( <1%) overhead. 
      Class:      8.02 MB capacity,     7.33 MB ( 91%) used,   602.76 KB (  7%) free+waste,    96.63 KB (  1%) overhead. 
       Both:     57.11 MB capacity,    55.29 MB ( 97%) used,     1.54 MB (  3%) free+waste,   293.38 KB ( <1%) overhead. 

Virtual space:
  Non-class space:       50.00 MB reserved,      49.33 MB ( 99%) committed 
      Class space:      376.00 MB reserved,       8.13 MB (  2%) committed 
             Both:      426.00 MB reserved,      57.45 MB ( 13%) committed 

Chunk freelists:
   Non-Class:  128 bytes
       Class:  0 bytes
        Both:  128 bytes

CodeHeap 'non-profiled nmethods': size=120000Kb used=3193Kb max_used=3193Kb free=116806Kb
 bounds [0x000001dda2760000, 0x000001dda2a80000, 0x000001dda9c90000]
CodeHeap 'profiled nmethods': size=120000Kb used=10989Kb max_used=10989Kb free=109010Kb
 bounds [0x000001dd9b230000, 0x000001dd9bd00000, 0x000001dda2760000]
CodeHeap 'non-nmethods': size=5760Kb used=2241Kb max_used=2285Kb free=3518Kb
 bounds [0x000001dd9ac90000, 0x000001dd9af00000, 0x000001dd9b230000]
 total_blobs=7367 nmethods=4996 adapters=733
 compilation: enabled
              stopped_count=0, restarted_count=0
 full_count=0

Compilation events (10 events):
Event: 19.040 Thread 0x000001ddae66d800 5231       3       org.gradle.api.internal.DefaultMutationGuard::removeThreadLocalStateIfMutationAllowed (12 bytes)
Event: 19.041 Thread 0x000001ddae66d800 nmethod 5231 0x000001dd9bcd6510 code [0x000001dd9bcd66e0, 0x000001dd9bcd6930]
Event: 19.042 Thread 0x000001ddae66d800 5232       3       java.util.concurrent.ConcurrentHashMap$KeySetView::contains (9 bytes)
Event: 19.043 Thread 0x000001ddae66d800 nmethod 5232 0x000001dd9bcd6a10 code [0x000001dd9bcd6be0, 0x000001dd9bcd6e50]
Event: 19.046 Thread 0x000001ddae66d800 5233       3       org.gradle.tooling.internal.provider.runner.ClientBuildEventGenerator$Enabled::accept (58 bytes)
Event: 19.048 Thread 0x000001ddae66d800 nmethod 5233 0x000001dd9bcd6f90 code [0x000001dd9bcd7220, 0x000001dd9bcd7e60]
Event: 19.048 Thread 0x000001ddae66d800 5234       1       org.gradle.api.internal.project.DefaultProjectStateRegistry$CalculatedModelValueImpl::getOrNull (5 bytes)
Event: 19.048 Thread 0x000001ddae66d800 nmethod 5234 0x000001dda2a79690 code [0x000001dda2a79840, 0x000001dda2a79958]
Event: 19.125 Thread 0x000001ddae652000 nmethod 5197 0x000001dda2a79a10 code [0x000001dda2a79c40, 0x000001dda2a7c968]
Event: 19.125 Thread 0x000001ddae652000 5210   !   4       java.net.URLClassLoader$1::run (63 bytes)

GC Heap History (10 events):
Event: 9.214 GC heap before
{Heap before GC invocations=1 (full 0):
 garbage-first heap   total 262144K, used 119091K [0x00000000e0000000, 0x0000000100000000)
  region size 1024K, 110 young (112640K), 3 survivors (3072K)
 Metaspace       used 20729K, capacity 21187K, committed 21296K, reserved 405504K
  class space    used 2514K, capacity 2688K, committed 2688K, reserved 385024K
}
Event: 9.226 GC heap after
{Heap after GC invocations=2 (full 0):
 garbage-first heap   total 262144K, used 18647K [0x00000000e0000000, 0x0000000100000000)
  region size 1024K, 11 young (11264K), 11 survivors (11264K)
 Metaspace       used 20729K, capacity 21187K, committed 21296K, reserved 405504K
  class space    used 2514K, capacity 2688K, committed 2688K, reserved 385024K
}
Event: 10.273 GC heap before
{Heap before GC invocations=3 (full 0):
 garbage-first heap   total 262144K, used 82135K [0x00000000e0000000, 0x0000000100000000)
  region size 1024K, 74 young (75776K), 11 survivors (11264K)
 Metaspace       used 25956K, capacity 26588K, committed 26672K, reserved 409600K
  class space    used 3373K, capacity 3637K, committed 3712K, reserved 385024K
}
Event: 10.285 GC heap after
{Heap after GC invocations=4 (full 0):
 garbage-first heap   total 262144K, used 20897K [0x00000000e0000000, 0x0000000100000000)
  region size 1024K, 3 young (3072K), 3 survivors (3072K)
 Metaspace       used 25956K, capacity 26588K, committed 26672K, reserved 409600K
  class space    used 3373K, capacity 3637K, committed 3712K, reserved 385024K
}
Event: 12.179 GC heap before
{Heap before GC invocations=4 (full 0):
 garbage-first heap   total 262144K, used 109985K [0x00000000e0000000, 0x0000000100000000)
  region size 1024K, 91 young (93184K), 3 survivors (3072K)
 Metaspace       used 34942K, capacity 35910K, committed 35920K, reserved 417792K
  class space    used 4731K, capacity 5110K, committed 5120K, reserved 385024K
}
Event: 12.192 GC heap after
{Heap after GC invocations=5 (full 0):
 garbage-first heap   total 262144K, used 23846K [0x00000000e0000000, 0x0000000100000000)
  region size 1024K, 6 young (6144K), 6 survivors (6144K)
 Metaspace       used 34942K, capacity 35910K, committed 35920K, reserved 417792K
  class space    used 4731K, capacity 5110K, committed 5120K, reserved 385024K
}
Event: 14.740 GC heap before
{Heap before GC invocations=6 (full 0):
 garbage-first heap   total 262144K, used 153894K [0x00000000e0000000, 0x0000000100000000)
  region size 1024K, 127 young (130048K), 6 survivors (6144K)
 Metaspace       used 47248K, capacity 48636K, committed 48720K, reserved 428032K
  class space    used 6107K, capacity 6615K, committed 6656K, reserved 385024K
}
Event: 14.765 GC heap after
{Heap after GC invocations=7 (full 0):
 garbage-first heap   total 262144K, used 33157K [0x00000000e0000000, 0x0000000100000000)
  region size 1024K, 15 young (15360K), 15 survivors (15360K)
 Metaspace       used 47248K, capacity 48636K, committed 48720K, reserved 428032K
  class space    used 6107K, capacity 6615K, committed 6656K, reserved 385024K
}
Event: 18.712 GC heap before
{Heap before GC invocations=7 (full 0):
 garbage-first heap   total 262144K, used 174469K [0x00000000e0000000, 0x0000000100000000)
  region size 1024K, 153 young (156672K), 15 survivors (15360K)
 Metaspace       used 56426K, capacity 58289K, committed 58448K, reserved 436224K
  class space    used 7479K, capacity 8188K, committed 8192K, reserved 385024K
}
Event: 18.777 GC heap after
{Heap after GC invocations=8 (full 0):
 garbage-first heap   total 262144K, used 38559K [0x00000000e0000000, 0x0000000100000000)
  region size 1024K, 15 young (15360K), 15 survivors (15360K)
 Metaspace       used 56426K, capacity 58289K, committed 58448K, reserved 436224K
  class space    used 7479K, capacity 8188K, committed 8192K, reserved 385024K
}

Deoptimization events (10 events):
Event: 16.784 Thread 0x000001ddb0c51000 Uncommon trap: reason=unstable_if action=reinterpret pc=0x000001dda29d0074 method=org.objectweb.asm.Label.resolve([BI)Z @ 80 c2
Event: 16.785 Thread 0x000001ddb0c51000 Uncommon trap: reason=unstable_if action=reinterpret pc=0x000001dda29da8b0 method=org.objectweb.asm.ByteVector.putInt(I)Lorg/objectweb/asm/ByteVector; @ 13 c2
Event: 16.937 Thread 0x000001ddb0c51000 Uncommon trap: reason=unstable_if action=reinterpret pc=0x000001dda290d500 method=org.gradle.internal.agents.DefaultClassFileTransformer.transform(Ljava/lang/ClassLoader;Ljava/lang/String;Ljava/lang/Class;Ljava/security/ProtectionDomain;[B)[B @ 4 c2
Event: 16.954 Thread 0x000001ddb0c51000 Uncommon trap: reason=unstable_if action=reinterpret pc=0x000001dda290cda0 method=org.gradle.internal.agents.DefaultClassFileTransformer.transform(Ljava/lang/ClassLoader;Ljava/lang/String;Ljava/lang/Class;Ljava/security/ProtectionDomain;[B)[B @ 4 c2
Event: 16.999 Thread 0x000001ddb0c51000 Uncommon trap: reason=unstable_if action=reinterpret pc=0x000001dda2782ab0 method=jdk.internal.org.objectweb.asm.ByteVector.putInt(I)Ljdk/internal/org/objectweb/asm/ByteVector; @ 13 c2
Event: 17.510 Thread 0x000001ddb0c51000 Uncommon trap: reason=bimorphic_or_optimized_type_check action=maybe_recompile pc=0x000001dda292a170 method=org.codehaus.groovy.runtime.metaclass.MetaMethodIndex.isOverridden(Lgroovy/lang/MetaMethod;Lgroovy/lang/MetaMethod;)Z @ 56 c2
Event: 17.521 Thread 0x000001ddb0c51000 Uncommon trap: reason=bimorphic_or_optimized_type_check action=maybe_recompile pc=0x000001dda292a170 method=org.codehaus.groovy.runtime.metaclass.MetaMethodIndex.isOverridden(Lgroovy/lang/MetaMethod;Lgroovy/lang/MetaMethod;)Z @ 56 c2
Event: 17.570 Thread 0x000001ddb0c51000 Uncommon trap: reason=unstable_if action=reinterpret pc=0x000001dda288e2a0 method=java.util.WeakHashMap.eq(Ljava/lang/Object;Ljava/lang/Object;)Z @ 2 c2
Event: 17.857 Thread 0x000001ddb0c51000 Uncommon trap: reason=bimorphic_or_optimized_type_check action=maybe_recompile pc=0x000001dda292a170 method=org.codehaus.groovy.runtime.metaclass.MetaMethodIndex.isOverridden(Lgroovy/lang/MetaMethod;Lgroovy/lang/MetaMethod;)Z @ 56 c2
Event: 17.888 Thread 0x000001ddb0c51000 Uncommon trap: reason=bimorphic_or_optimized_type_check action=maybe_recompile pc=0x000001dda292a170 method=org.codehaus.groovy.runtime.metaclass.MetaMethodIndex.isOverridden(Lgroovy/lang/MetaMethod;Lgroovy/lang/MetaMethod;)Z @ 56 c2

Classes redefined (0 events):
No events

Internal exceptions (10 events):
Event: 18.960 Thread 0x000001ddb0c51000 Exception <a 'java/lang/ClassNotFoundException'{0x00000000efddfd78}: org/gradle/api/internal/NamedDomainObjectContainerConfigureDelegateCustomizer> (0x00000000efddfd78) thrown at [t:/workspace/open/src/hotspot/share/classfile/systemDictionary.cpp, line 23
Event: 18.990 Thread 0x000001ddb0c51000 Exception <a 'java/lang/ClassNotFoundException'{0x00000000efac4298}: org/gradle/api/internal/artifacts/configurations/DefaultConfigurationContainer_DecoratedBeanInfo> (0x00000000efac4298) thrown at [t:/workspace/open/src/hotspot/share/classfile/systemDict
Event: 18.999 Thread 0x000001ddb0c51000 Exception <a 'java/lang/ClassNotFoundException'{0x00000000ef90ff10}: org/gradle/api/internal/artifacts/configurations/DefaultConfigurationContainerBeanInfo> (0x00000000ef90ff10) thrown at [t:/workspace/open/src/hotspot/share/classfile/systemDictionary.cpp
Event: 19.009 Thread 0x000001ddb0c51000 Exception <a 'java/lang/ClassNotFoundException'{0x00000000ef95b3e8}: org/gradle/api/internal/artifacts/configurations/DefaultConfigurationContainerCustomizer> (0x00000000ef95b3e8) thrown at [t:/workspace/open/src/hotspot/share/classfile/systemDictionary.c
Event: 19.026 Thread 0x000001ddb0c51000 Exception <a 'java/lang/ClassNotFoundException'{0x00000000ef9c1db0}: org/gradle/api/internal/artifacts/configurations/DefaultConfigurationContainer_DecoratedCustomizer> (0x00000000ef9c1db0) thrown at [t:/workspace/open/src/hotspot/share/classfile/systemDi
Event: 19.151 Thread 0x000001ddb0c51000 Exception <a 'java/lang/ClassNotFoundException'{0x00000000ef69bed8}: org/gradle/api/internal/artifacts/configurations/DefaultConfiguration_DecoratedBeanInfo> (0x00000000ef69bed8) thrown at [t:/workspace/open/src/hotspot/share/classfile/systemDictionary.cp
Event: 19.168 Thread 0x000001ddb0c51000 Exception <a 'java/lang/ClassNotFoundException'{0x00000000ef6e3480}: org/gradle/api/internal/artifacts/configurations/DefaultConfigurationBeanInfo> (0x00000000ef6e3480) thrown at [t:/workspace/open/src/hotspot/share/classfile/systemDictionary.cpp, line 23
Event: 19.171 Thread 0x000001ddb0c51000 Exception <a 'java/lang/ClassNotFoundException'{0x00000000ef516430}: org/gradle/api/internal/file/AbstractFileCollectionBeanInfo> (0x00000000ef516430) thrown at [t:/workspace/open/src/hotspot/share/classfile/systemDictionary.cpp, line 231]
Event: 19.173 Thread 0x000001ddb0c51000 Exception <a 'java/lang/ClassNotFoundException'{0x00000000ef5490b0}: org/gradle/api/internal/file/AbstractFileCollectionCustomizer> (0x00000000ef5490b0) thrown at [t:/workspace/open/src/hotspot/share/classfile/systemDictionary.cpp, line 231]
Event: 19.177 Thread 0x000001ddb0c51000 Exception <a 'java/lang/ClassNotFoundException'{0x00000000ef5a3360}: org/gradle/api/internal/artifacts/configurations/DefaultConfigurationCustomizer> (0x00000000ef5a3360) thrown at [t:/workspace/open/src/hotspot/share/classfile/systemDictionary.cpp, line 

Events (10 events):
Event: 19.173 loading class org/gradle/api/internal/file/AbstractFileCollectionCustomizer
Event: 19.173 loading class org/gradle/api/internal/file/AbstractFileCollectionCustomizer done
Event: 19.175 loading class org/gradle/api/internal/artifacts/configurations/DefaultConfigurationCustomizer
Event: 19.175 loading class org/gradle/api/internal/artifacts/configurations/DefaultConfigurationCustomizer done
Event: 19.176 loading class org/gradle/api/internal/artifacts/configurations/DefaultConfigurationCustomizer
Event: 19.176 loading class org/gradle/api/internal/artifacts/configurations/DefaultConfigurationCustomizer done
Event: 19.176 loading class org/gradle/api/internal/artifacts/configurations/DefaultConfigurationCustomizer
Event: 19.176 loading class org/gradle/api/internal/artifacts/configurations/DefaultConfigurationCustomizer done
Event: 19.177 loading class org/gradle/api/internal/artifacts/configurations/DefaultConfigurationCustomizer
Event: 19.177 loading class org/gradle/api/internal/artifacts/configurations/DefaultConfigurationCustomizer done


Dynamic libraries:
0x00007ff7c25b0000 - 0x00007ff7c25f7000 	C:\_java\jdk-11.0.2_windows-x64_bin\jdk-11.0.2\bin\java.exe
0x00007ffa6a9d0000 - 0x00007ffa6abe7000 	C:\WINDOWS\SYSTEM32\ntdll.dll
0x00007ffa68720000 - 0x00007ffa687e4000 	C:\WINDOWS\System32\KERNEL32.DLL
0x00007ffa67e60000 - 0x00007ffa68205000 	C:\WINDOWS\System32\KERNELBASE.dll
0x00007ffa6a4d0000 - 0x00007ffa6a581000 	C:\WINDOWS\System32\ADVAPI32.dll
0x00007ffa6a0a0000 - 0x00007ffa6a147000 	C:\WINDOWS\System32\msvcrt.dll
0x00007ffa69de0000 - 0x00007ffa69e86000 	C:\WINDOWS\System32\sechost.dll
0x00007ffa6a210000 - 0x00007ffa6a327000 	C:\WINDOWS\System32\RPCRT4.dll
0x00007ffa6a6e0000 - 0x00007ffa6a88e000 	C:\WINDOWS\System32\USER32.dll
0x00007ffa682b0000 - 0x00007ffa682d6000 	C:\WINDOWS\System32\win32u.dll
0x00007ffa68c40000 - 0x00007ffa68c69000 	C:\WINDOWS\System32\GDI32.dll
0x00007ffa67d40000 - 0x00007ffa67e59000 	C:\WINDOWS\System32\gdi32full.dll
0x00007ffa68210000 - 0x00007ffa682aa000 	C:\WINDOWS\System32\msvcp_win.dll
0x00007ffa68600000 - 0x00007ffa68711000 	C:\WINDOWS\System32\ucrtbase.dll
0x00007ffa5e930000 - 0x00007ffa5e93a000 	C:\WINDOWS\SYSTEM32\VERSION.dll
0x00007ffa538a0000 - 0x00007ffa53b33000 	C:\WINDOWS\WinSxS\amd64_microsoft.windows.common-controls_6595b64144ccf1df_6.0.22621.2506_none_270c5ae97388e100\COMCTL32.dll
0x00007ffa69f50000 - 0x00007ffa69f81000 	C:\WINDOWS\System32\IMM32.DLL
0x00007ffa528e0000 - 0x00007ffa528f6000 	C:\_java\jdk-11.0.2_windows-x64_bin\jdk-11.0.2\bin\vcruntime140.dll
0x00007ffa39170000 - 0x00007ffa3921a000 	C:\_java\jdk-11.0.2_windows-x64_bin\jdk-11.0.2\bin\msvcp140.dll
0x00007ffa4b5f0000 - 0x00007ffa4c117000 	C:\_java\jdk-11.0.2_windows-x64_bin\jdk-11.0.2\bin\server\jvm.dll
0x00007ffa6a330000 - 0x00007ffa6a338000 	C:\WINDOWS\System32\PSAPI.DLL
0x00007ffa5fe60000 - 0x00007ffa5fe94000 	C:\WINDOWS\SYSTEM32\WINMM.dll
0x00007ffa4ab70000 - 0x00007ffa4ab79000 	C:\WINDOWS\SYSTEM32\WSOCK32.dll
0x00007ffa6a400000 - 0x00007ffa6a471000 	C:\WINDOWS\System32\WS2_32.dll
0x00007ffa66d40000 - 0x00007ffa66d58000 	C:\WINDOWS\SYSTEM32\kernel.appcore.dll
0x00007ffa4a4e0000 - 0x00007ffa4a4f1000 	C:\_java\jdk-11.0.2_windows-x64_bin\jdk-11.0.2\bin\verify.dll
0x00007ffa654f0000 - 0x00007ffa65723000 	C:\WINDOWS\SYSTEM32\DBGHELP.DLL
0x00007ffa68d70000 - 0x00007ffa690f9000 	C:\WINDOWS\System32\combase.dll
0x00007ffa68c70000 - 0x00007ffa68d47000 	C:\WINDOWS\System32\OLEAUT32.dll
0x00007ffa654b0000 - 0x00007ffa654e2000 	C:\WINDOWS\SYSTEM32\dbgcore.DLL
0x00007ffa683a0000 - 0x00007ffa6841a000 	C:\WINDOWS\System32\bcryptPrimitives.dll
0x00007ffa4a480000 - 0x00007ffa4a4a9000 	C:\_java\jdk-11.0.2_windows-x64_bin\jdk-11.0.2\bin\java.dll
0x00007ffa4ace0000 - 0x00007ffa4ad0f000 	C:\_java\jdk-11.0.2_windows-x64_bin\jdk-11.0.2\bin\instrument.dll
0x00007ffa4a040000 - 0x00007ffa4a056000 	C:\_java\jdk-11.0.2_windows-x64_bin\jdk-11.0.2\bin\zip.dll
0x00007ffa4a030000 - 0x00007ffa4a03a000 	C:\_java\jdk-11.0.2_windows-x64_bin\jdk-11.0.2\bin\jimage.dll
0x00007ffa69580000 - 0x00007ffa69dd9000 	C:\WINDOWS\System32\SHELL32.dll
0x00007ffa65c60000 - 0x00007ffa66554000 	C:\WINDOWS\SYSTEM32\windows.storage.dll
0x00007ffa65b20000 - 0x00007ffa65c5e000 	C:\WINDOWS\SYSTEM32\wintypes.dll
0x00007ffa69f90000 - 0x00007ffa6a083000 	C:\WINDOWS\System32\SHCORE.dll
0x00007ffa6a340000 - 0x00007ffa6a39e000 	C:\WINDOWS\System32\shlwapi.dll
0x00007ffa67c70000 - 0x00007ffa67c96000 	C:\WINDOWS\SYSTEM32\profapi.dll
0x00007ffa44f90000 - 0x00007ffa44fa9000 	C:\_java\jdk-11.0.2_windows-x64_bin\jdk-11.0.2\bin\net.dll
0x00007ffa64f80000 - 0x00007ffa650b7000 	C:\WINDOWS\SYSTEM32\WINHTTP.dll
0x00007ffa579b0000 - 0x00007ffa57ba0000 	C:\WINDOWS\SYSTEM32\urlmon.dll
0x00007ffa576c0000 - 0x00007ffa5797c000 	C:\WINDOWS\SYSTEM32\iertutil.dll
0x00007ffa57980000 - 0x00007ffa579a8000 	C:\WINDOWS\SYSTEM32\srvcli.dll
0x00007ffa667b0000 - 0x00007ffa667bc000 	C:\WINDOWS\SYSTEM32\netutils.dll
0x00007ffa671c0000 - 0x00007ffa67229000 	C:\WINDOWS\system32\mswsock.dll
0x00007ffa44f70000 - 0x00007ffa44f83000 	C:\_java\jdk-11.0.2_windows-x64_bin\jdk-11.0.2\bin\nio.dll
0x00007ffa5bdd0000 - 0x00007ffa5bdf7000 	C:\Users\zxasq\.gradle\native\68d5fa5c4cc2d200863cafc0d521ce42e7d3e7ee720ec0a83991735586a16f82\windows-amd64\native-platform.dll
0x00007ffa2ca90000 - 0x00007ffa2cbd4000 	C:\Users\zxasq\.gradle\native\e376f236ea51e6404a007f0833ffe2c6e607c4080706a723a18a27aeea778392\windows-amd64\native-platform-file-events.dll
0x00007ffa43a30000 - 0x00007ffa43a39000 	C:\_java\jdk-11.0.2_windows-x64_bin\jdk-11.0.2\bin\management.dll
0x00007ffa43a20000 - 0x00007ffa43a2c000 	C:\_java\jdk-11.0.2_windows-x64_bin\jdk-11.0.2\bin\management_ext.dll
0x00007ffa67410000 - 0x00007ffa6742b000 	C:\WINDOWS\SYSTEM32\CRYPTSP.dll
0x00007ffa66ca0000 - 0x00007ffa66cd5000 	C:\WINDOWS\system32\rsaenh.dll
0x00007ffa672b0000 - 0x00007ffa672dc000 	C:\WINDOWS\SYSTEM32\USERENV.dll
0x00007ffa67680000 - 0x00007ffa676a8000 	C:\WINDOWS\SYSTEM32\bcrypt.dll
0x00007ffa67430000 - 0x00007ffa6743c000 	C:\WINDOWS\SYSTEM32\CRYPTBASE.dll
0x00007ffa667c0000 - 0x00007ffa667ed000 	C:\WINDOWS\SYSTEM32\IPHLPAPI.DLL
0x00007ffa69f40000 - 0x00007ffa69f49000 	C:\WINDOWS\System32\NSI.dll
0x00007ffa5fdb0000 - 0x00007ffa5fdc9000 	C:\WINDOWS\SYSTEM32\dhcpcsvc6.DLL
0x00007ffa5fb50000 - 0x00007ffa5fb6f000 	C:\WINDOWS\SYSTEM32\dhcpcsvc.DLL
0x00007ffa66830000 - 0x00007ffa66929000 	C:\WINDOWS\SYSTEM32\DNSAPI.dll

dbghelp: loaded successfully - version: 4.0.5 - missing functions: none
symbol engine: initialized successfully - sym options: 0x614 - pdb path: .;C:\_java\jdk-11.0.2_windows-x64_bin\jdk-11.0.2\bin;C:\WINDOWS\SYSTEM32;C:\WINDOWS\WinSxS\amd64_microsoft.windows.common-controls_6595b64144ccf1df_6.0.22621.2506_none_270c5ae97388e100;C:\_java\jdk-11.0.2_windows-x64_bin\jdk-11.0.2\bin\server;C:\Users\zxasq\.gradle\native\68d5fa5c4cc2d200863cafc0d521ce42e7d3e7ee720ec0a83991735586a16f82\windows-amd64;C:\Users\zxasq\.gradle\native\e376f236ea51e6404a007f0833ffe2c6e607c4080706a723a18a27aeea778392\windows-amd64

VM Arguments:
jvm_args: --add-opens=java.base/java.util=ALL-UNNAMED --add-opens=java.base/java.lang=ALL-UNNAMED --add-opens=java.base/java.lang.invoke=ALL-UNNAMED --add-opens=java.prefs/java.util.prefs=ALL-UNNAMED --add-opens=java.base/java.nio.charset=ALL-UNNAMED --add-opens=java.base/java.net=ALL-UNNAMED --add-opens=java.base/java.util.concurrent.atomic=ALL-UNNAMED -XX:MaxMetaspaceSize=384m -XX:+HeapDumpOnOutOfMemoryError -Xms256m -Xmx512m -Dfile.encoding=UTF-8 -Duser.country=KR -Duser.language=ko -Duser.variant -javaagent:C:\Users\zxasq\.gradle\wrapper\dists\gradle-8.2.1-bin\5hap6b9n41hkg4jeh2au2pllh\gradle-8.2.1\lib\agents\gradle-instrumentation-agent-8.2.1.jar 
java_command: org.gradle.launcher.daemon.bootstrap.GradleDaemon 8.2.1
java_class_path (initial): C:\Users\zxasq\.gradle\wrapper\dists\gradle-8.2.1-bin\5hap6b9n41hkg4jeh2au2pllh\gradle-8.2.1\lib\gradle-launcher-8.2.1.jar
Launcher Type: SUN_STANDARD

[Global flags]
     intx CICompilerCount                          = 4                                         {product} {ergonomic}
   size_t CompressedClassSpaceSize                 = 394264576                                 {product} {ergonomic}
     uint ConcGCThreads                            = 2                                         {product} {ergonomic}
     uint G1ConcRefinementThreads                  = 8                                         {product} {ergonomic}
   size_t G1HeapRegionSize                         = 1048576                                   {product} {ergonomic}
    uintx GCDrainStackTargetSize                   = 64                                        {product} {ergonomic}
     bool HeapDumpOnOutOfMemoryError               = true                                   {manageable} {command line}
   size_t InitialHeapSize                          = 268435456                                 {product} {command line}
   size_t MarkStackSize                            = 4194304                                   {product} {ergonomic}
   size_t MaxHeapSize                              = 536870912                                 {product} {command line}
   size_t MaxMetaspaceSize                         = 402653184                                 {product} {command line}
   size_t MaxNewSize                               = 321912832                                 {product} {ergonomic}
   size_t MinHeapDeltaBytes                        = 1048576                                   {product} {ergonomic}
    uintx NonNMethodCodeHeapSize                   = 5835340                                {pd product} {ergonomic}
    uintx NonProfiledCodeHeapSize                  = 122911450                              {pd product} {ergonomic}
    uintx ProfiledCodeHeapSize                     = 122911450                              {pd product} {ergonomic}
    uintx ReservedCodeCacheSize                    = 251658240                              {pd product} {ergonomic}
     bool SegmentedCodeCache                       = true                                      {product} {ergonomic}
     bool UseCompressedClassPointers               = true                                 {lp64_product} {ergonomic}
     bool UseCompressedOops                        = true                                 {lp64_product} {ergonomic}
     bool UseG1GC                                  = true                                      {product} {ergonomic}
     bool UseLargePagesIndividualAllocation        = false                                  {pd product} {ergonomic}

Logging:
Log output configuration:
 #0: stdout all=warning uptime,level,tags
 #1: stderr all=off uptime,level,tags

Environment Variables:
JAVA_HOME=C:\_java\jdk-11.0.2_windows-x64_bin\jdk-11.0.2
PATH=C:\_java\jdk-11.0.2_windows-x64_bin\jdk-11.0.2\bin;C:\WINDOWS\system32;C:\WINDOWS;C:\WINDOWS\System32\Wbem;C:\WINDOWS\System32\WindowsPowerShell\v1.0\;C:\WINDOWS\System32\OpenSSH\;C:\_java\jdk-11.0.2_windows-x64_bin\jdk-11.0.2\bin;C:\Program Files\Git\cmd;C:\Python38\Scripts\;C:\Python38\;C:\Users\zxasq\AppData\Local\Microsoft\WindowsApps;C:\Program Files\JetBrains\IntelliJ IDEA 2023.2.4\bin;
USERNAME=zxasq
OS=Windows_NT
PROCESSOR_IDENTIFIER=Intel64 Family 6 Model 142 Stepping 11, GenuineIntel



---------------  S Y S T E M  ---------------

OS: Windows 10 , 64 bit Build 22621 (10.0.22621.2506)

CPU:total 8 (initial active 8) (4 cores per cpu, 2 threads per core) family 6 model 142 stepping 11, cmov, cx8, fxsr, mmx, sse, sse2, sse3, ssse3, sse4.1, sse4.2, popcnt, avx, avx2, aes, clmul, erms, 3dnowpref, lzcnt, ht, tsc, tscinvbit, bmi1, bmi2, adx, fma

Memory: 4k page, system-wide physical 7986M (295M free)
TotalPageFile size 32562M (AvailPageFile size 5M)
current process WorkingSet (physical memory assigned to process): 375M, peak: 375M
current process commit charge ("private bytes"): 484M, peak: 487M

vm_info: Java HotSpot(TM) 64-Bit Server VM (11.0.2+9-LTS) for windows-amd64 JRE (11.0.2+9-LTS), built on Jan 18 2019 05:24:10 by "mach5one" with MS VC++ 15.5 (VS2017)

END.
